<?xml version="1.0" encoding="UTF-8" ?>
<testsuite failures="0" time="0.009" errors="2" skipped="0" tests="2" name="CukeRunnerTest">
  <properties>
    <property name="java.runtime.name" value="Java(TM) SE Runtime Environment"/>
    <property name="sun.boot.library.path" value="C:\Program Files\Java\jdk1.7.0_67\jre\bin"/>
    <property name="java.vm.version" value="24.65-b04"/>
    <property name="cucumber.options--tags @prueba" value="true"/>
    <property name="java.vm.vendor" value="Oracle Corporation"/>
    <property name="java.vendor.url" value="http://java.oracle.com/"/>
    <property name="path.separator" value=";"/>
    <property name="guice.disable.misplaced.annotation.check" value="true"/>
    <property name="java.vm.name" value="Java HotSpot(TM) 64-Bit Server VM"/>
    <property name="file.encoding.pkg" value="sun.io"/>
    <property name="user.script" value=""/>
    <property name="user.country" value="US"/>
    <property name="sun.java.launcher" value="SUN_STANDARD"/>
    <property name="sun.os.patch.level" value="Service Pack 1"/>
    <property name="test" value="CukeRunnerTest"/>
    <property name="java.vm.specification.name" value="Java Virtual Machine Specification"/>
    <property name="user.dir" value="D:\TestTask"/>
    <property name="java.runtime.version" value="1.7.0_67-b01"/>
    <property name="java.awt.graphicsenv" value="sun.awt.Win32GraphicsEnvironment"/>
    <property name="java.endorsed.dirs" value="C:\Program Files\Java\jdk1.7.0_67\jre\lib\endorsed"/>
    <property name="os.arch" value="amd64"/>
    <property name="java.io.tmpdir" value="C:\Users\Juan_Rodriguez\AppData\Local\Temp\"/>
    <property name="line.separator" value="
"/>
    <property name="java.vm.specification.vendor" value="Oracle Corporation"/>
    <property name="user.variant" value=""/>
    <property name="os.name" value="Windows 7"/>
    <property name="classworlds.conf" value="C:\Program Files\Maven\apache-maven-3.2.1\bin\m2.conf"/>
    <property name="sun.jnu.encoding" value="Cp1252"/>
    <property name="java.library.path" value="C:\Program Files\Java\jdk1.7.0_67\bin;C:\WINDOWS\Sun\Java\bin;C:\WINDOWS\system32;C:\WINDOWS;C:\oracle\product\11.2.0\dbhome_1\bin;C:\oracle\app\oracle\product\11.2.0\server\bin;C:\ProgramData\Oracle\Java\javapath;C:\WINDOWS\system32;C:\WINDOWS;C:\WINDOWS\System32\Wbem;C:\WINDOWS\System32\WindowsPowerShell\v1.0\;C:\Program Files\TortoiseSVN\bin;C:\Program Files\Java\jdk1.7.0_67\bin;C:\Program Files\Maven\apache-maven-3.2.1\bin;C:\Program Files (x86)\QuickTime\QTSystem\;C:\Program Files\Microsoft SQL Server\110\Tools\Binn\;C:\Program Files (x86)\Microsoft SDKs\TypeScript\1.0\;C:\Program Files\SlikSvn\bin;C:\Program Files (x86)\HP\LoadRunner\strawberry-perl\perl\bin;."/>
    <property name="java.specification.name" value="Java Platform API Specification"/>
    <property name="java.class.version" value="51.0"/>
    <property name="sun.management.compiler" value="HotSpot 64-Bit Tiered Compilers"/>
    <property name="os.version" value="6.1"/>
    <property name="user.home" value="C:\Users\Juan_Rodriguez"/>
    <property name="user.timezone" value="Europe/Belgrade"/>
    <property name="java.awt.printerjob" value="sun.awt.windows.WPrinterJob"/>
    <property name="java.specification.version" value="1.7"/>
    <property name="file.encoding" value="Cp1252"/>
    <property name="driverType" value="firefox"/>
    <property name="user.name" value="Juan_Rodriguez"/>
    <property name="java.class.path" value="C:\Program Files\Maven\apache-maven-3.2.1\boot\plexus-classworlds-2.5.1.jar"/>
    <property name="org.slf4j.simpleLogger.defaultLogLevel" value="info"/>
    <property name="java.vm.specification.version" value="1.7"/>
    <property name="sun.arch.data.model" value="64"/>
    <property name="java.home" value="C:\Program Files\Java\jdk1.7.0_67\jre"/>
    <property name="sun.java.command" value="org.codehaus.plexus.classworlds.launcher.Launcher test -Dtest=CukeRunnerTest -Dcucumber.options--tags @prueba -DdriverType=firefox"/>
    <property name="java.specification.vendor" value="Oracle Corporation"/>
    <property name="user.language" value="en"/>
    <property name="awt.toolkit" value="sun.awt.windows.WToolkit"/>
    <property name="java.vm.info" value="mixed mode"/>
    <property name="java.version" value="1.7.0_67"/>
    <property name="java.ext.dirs" value="C:\Program Files\Java\jdk1.7.0_67\jre\lib\ext;C:\WINDOWS\Sun\Java\lib\ext"/>
    <property name="sun.boot.class.path" value="C:\Program Files\Java\jdk1.7.0_67\jre\lib\resources.jar;C:\Program Files\Java\jdk1.7.0_67\jre\lib\rt.jar;C:\Program Files\Java\jdk1.7.0_67\jre\lib\sunrsasign.jar;C:\Program Files\Java\jdk1.7.0_67\jre\lib\jsse.jar;C:\Program Files\Java\jdk1.7.0_67\jre\lib\jce.jar;C:\Program Files\Java\jdk1.7.0_67\jre\lib\charsets.jar;C:\Program Files\Java\jdk1.7.0_67\jre\lib\jfr.jar;C:\Program Files\Java\jdk1.7.0_67\jre\classes"/>
    <property name="java.vendor" value="Oracle Corporation"/>
    <property name="maven.home" value="C:\Program Files\Maven\apache-maven-3.2.1"/>
    <property name="file.separator" value="\"/>
    <property name="java.vendor.url.bug" value="http://bugreport.sun.com/bugreport/"/>
    <property name="sun.cpu.endian" value="little"/>
    <property name="sun.io.unicode.encoding" value="UnicodeLittle"/>
    <property name="sun.desktop" value="windows"/>
    <property name="sun.cpu.isalist" value="amd64"/>
  </properties>
  <testcase time="0.004" classname="| Juan.Epam | Password123$ | Juan.Epam | Test Drafting |" name="Given the user &apos;Juan.Epam&apos; loggs in using his password &apos;Password123$&apos;">
    <error type="java.lang.NullPointerException">java.lang.NullPointerException
	at utils.PageModel.navigate(PageModel.java:29)
	at GmailTest.GmailTest.theUserLoggsInUsingHisUserNameAndPassword(GmailTest.java:24)
	at ✽.Given the user &apos;Juan.Epam&apos; loggs in using his password &apos;Password123$&apos;(draftingGmailFeatures/draftingMail.feature:5)
</error>
    <system-out>Feature: This feature tests the drafts in Gmail

  @prueba
  Scenario Outline: this scenario tests how user logs in gmail, navigates to drafts and verifies draft stored mail &amp;#27;[90m# draftingGmailFeatures/draftingMail.feature:4&amp;#27;[0m
    &amp;#27;[36mGiven &amp;#27;[0m&amp;#27;[36mthe user &apos;&lt;userName&gt;&apos; loggs in using his password &apos;&lt;password&gt;&apos;&amp;#27;[0m

    #    And starts composing a new email providing recipient &apos;&lt;recipient&gt;&apos; and topic &apos;&lt;topic&gt;&apos;
    #    When user mail coposing is interrupted
    #    Then verify email is stored in draft&apos;s folder
    Examples: 
</system-out>
    <system-err>log4j:WARN No appenders could be found for logger (org.apache.http.client.protocol.RequestAddCookies).
log4j:WARN Please initialize the log4j system properly.
log4j:WARN See http://logging.apache.org/log4j/1.2/faq.html#noconfig for more info.
</system-err>
  </testcase>
  <testcase time="0.005" classname="| Juan.Epam | Password123$ | Juan.Epam | Test Drafting |" name="| Juan.Epam | Password123$ | Juan.Epam | Test Drafting |">
    <error type="java.lang.NullPointerException">java.lang.NullPointerException
	at utils.PageModel.navigate(PageModel.java:29)
	at GmailTest.GmailTest.theUserLoggsInUsingHisUserNameAndPassword(GmailTest.java:24)
	at ✽.Given the user &apos;Juan.Epam&apos; loggs in using his password &apos;Password123$&apos;(draftingGmailFeatures/draftingMail.feature:5)
</error>
  </testcase>
</testsuite>